<?xml version="1.0" encoding="UTF-8"?>
<!-- Generated by org.testng.reporters.JUnitReportReporter -->
<testsuite hostname="DESKTOP-QD7MF90" failures="0" tests="1" name="com.dummy.practice1Test.CreateDummy1Test" time="78.605" errors="0" timestamp="31 May 2022 06:49:12 GMT" skipped="0">
  <testcase classname="com.dummy.practice1Test.CreateDummy1Test" name="reateDummy1Test" time="78.605"/>
</testsuite> <!-- com.dummy.practice1Test.CreateDummy1Test -->
